TN:
SF:src/index.ts
FN:21,(anonymous_1)
FNF:1
FNH:0
FNDA:0,(anonymous_1)
DA:1,1
DA:2,1
DA:3,1
DA:4,1
DA:5,1
DA:7,1
DA:9,1
DA:11,1
DA:12,0
DA:15,1
DA:16,1
DA:17,1
DA:19,1
DA:21,1
DA:22,0
DA:25,1
LF:16
LH:14
BRDA:11,0,0,0
BRF:1
BRH:0
end_of_record
TN:
SF:src/database/connect.ts
FN:7,(anonymous_8)
FN:7,(anonymous_9)
FNF:2
FNH:2
FNDA:1,(anonymous_8)
FNDA:1,(anonymous_9)
DA:1,1
DA:7,1
DA:8,1
DA:9,1
DA:10,1
DA:13,0
DA:17,1
LF:7
LH:6
BRF:0
BRH:0
end_of_record
TN:
SF:src/modules/articles/model/Article.model.ts
FNF:0
FNH:0
DA:1,1
DA:4,1
DA:16,1
DA:18,1
DA:20,1
LF:5
LH:5
BRF:0
BRH:0
end_of_record
TN:
SF:src/modules/articles/repositories/implementations/ArticlesRepository.ts
FN:10,(anonymous_7)
FN:14,(anonymous_8)
FN:39,(anonymous_10)
FN:44,(anonymous_12)
FN:49,(anonymous_14)
FN:75,(anonymous_16)
FNF:6
FNH:6
FNDA:1,(anonymous_7)
FNDA:5,(anonymous_8)
FNDA:2,(anonymous_10)
FNDA:1,(anonymous_12)
FNDA:2,(anonymous_14)
FNDA:2,(anonymous_16)
DA:11,1
DA:25,5
DA:36,4
DA:40,2
DA:41,2
DA:45,1
DA:46,1
DA:62,2
DA:72,1
DA:76,2
DA:77,1
DA:81,1
LF:12
LH:12
BRF:0
BRH:0
end_of_record
TN:
SF:src/modules/articles/useCases/createArticle/CreateArticleController.ts
FN:6,(anonymous_7)
FN:8,(anonymous_8)
FNF:2
FNH:2
FNDA:1,(anonymous_7)
FNDA:5,(anonymous_8)
DA:6,1
DA:19,5
DA:21,5
DA:22,5
DA:33,4
DA:35,1
DA:40,1
LF:7
LH:7
BRF:0
BRH:0
end_of_record
TN:
SF:src/modules/articles/useCases/createArticle/CreateArticleUseCase.ts
FN:5,(anonymous_7)
FN:7,(anonymous_8)
FNF:2
FNH:2
FNDA:1,(anonymous_7)
FNDA:5,(anonymous_8)
DA:5,1
DA:17,5
DA:28,4
DA:32,1
LF:4
LH:4
BRF:0
BRH:0
end_of_record
TN:
SF:src/modules/articles/useCases/deleteArticle/DeleteArticleController.ts
FN:6,(anonymous_7)
FN:8,(anonymous_8)
FNF:2
FNH:2
FNDA:1,(anonymous_7)
FNDA:2,(anonymous_8)
DA:6,1
DA:9,2
DA:11,2
DA:12,2
DA:13,2
DA:16,1
DA:18,1
DA:23,1
LF:8
LH:8
BRF:0
BRH:0
end_of_record
TN:
SF:src/modules/articles/useCases/deleteArticle/DeleteArticleUseCase.ts
FN:5,(anonymous_7)
FN:7,(anonymous_8)
FNF:2
FNH:2
FNDA:1,(anonymous_7)
FNDA:2,(anonymous_8)
DA:5,1
DA:8,2
DA:9,1
DA:13,1
LF:4
LH:4
BRF:0
BRH:0
end_of_record
TN:
SF:src/modules/articles/useCases/findOneArticle/FindOneArticleController.ts
FN:6,(anonymous_7)
FN:8,(anonymous_8)
FNF:2
FNH:2
FNDA:1,(anonymous_7)
FNDA:2,(anonymous_8)
DA:6,1
DA:9,2
DA:11,2
DA:12,2
DA:15,1
DA:17,1
DA:22,1
LF:7
LH:7
BRF:0
BRH:0
end_of_record
TN:
SF:src/modules/articles/useCases/findOneArticle/FindOneArticleUseCase.ts
FN:5,(anonymous_7)
FN:7,(anonymous_8)
FNF:2
FNH:2
FNDA:1,(anonymous_7)
FNDA:2,(anonymous_8)
DA:5,1
DA:8,2
DA:9,2
DA:13,1
LF:4
LH:4
BRF:0
BRH:0
end_of_record
TN:
SF:src/modules/articles/useCases/listArticles/ListArticleUseCase.ts
FN:4,(anonymous_7)
FN:6,(anonymous_8)
FNF:2
FNH:2
FNDA:1,(anonymous_7)
FNDA:1,(anonymous_8)
DA:4,1
DA:7,1
DA:8,1
DA:12,1
LF:4
LH:4
BRF:0
BRH:0
end_of_record
TN:
SF:src/modules/articles/useCases/listArticles/ListArticlesController.ts
FN:6,(anonymous_7)
FN:8,(anonymous_8)
FNF:2
FNH:2
FNDA:1,(anonymous_7)
FNDA:1,(anonymous_8)
DA:6,1
DA:9,1
DA:10,1
DA:11,1
DA:13,0
DA:18,1
LF:6
LH:5
BRF:0
BRH:0
end_of_record
TN:
SF:src/modules/articles/useCases/updateArticle/UpdateArticleController.ts
FN:6,(anonymous_7)
FN:8,(anonymous_8)
FNF:2
FNH:2
FNDA:1,(anonymous_7)
FNDA:2,(anonymous_8)
DA:6,1
DA:9,2
DA:19,2
DA:21,2
DA:22,2
DA:35,1
DA:37,1
DA:42,1
LF:8
LH:8
BRF:0
BRH:0
end_of_record
TN:
SF:src/modules/articles/useCases/updateArticle/UpdateArticleUseCase.ts
FN:6,(anonymous_7)
FN:8,(anonymous_8)
FNF:2
FNH:2
FNDA:1,(anonymous_7)
FNDA:2,(anonymous_8)
DA:6,1
DA:21,2
DA:31,1
DA:35,1
LF:4
LH:4
BRF:0
BRH:0
end_of_record
TN:
SF:src/routes/articles.routes.ts
FN:47,(anonymous_7)
FN:47,(anonymous_8)
FN:55,(anonymous_9)
FN:55,(anonymous_10)
FN:63,(anonymous_11)
FN:63,(anonymous_12)
FN:71,(anonymous_13)
FN:71,(anonymous_14)
FN:79,(anonymous_15)
FN:79,(anonymous_16)
FNF:10
FNH:10
FNDA:5,(anonymous_7)
FNDA:5,(anonymous_8)
FNDA:2,(anonymous_9)
FNDA:2,(anonymous_10)
FNDA:2,(anonymous_11)
FNDA:2,(anonymous_12)
FNDA:1,(anonymous_13)
FNDA:1,(anonymous_14)
FNDA:2,(anonymous_15)
FNDA:2,(anonymous_16)
DA:1,1
DA:2,1
DA:3,1
DA:5,1
DA:6,1
DA:8,1
DA:9,1
DA:11,1
DA:12,1
DA:14,1
DA:15,1
DA:17,1
DA:18,1
DA:20,1
DA:22,1
DA:24,1
DA:25,1
DA:29,1
DA:30,1
DA:34,1
DA:35,1
DA:39,1
DA:40,1
DA:42,1
DA:43,1
DA:47,5
DA:48,5
DA:49,5
DA:51,1
DA:55,2
DA:56,2
DA:57,2
DA:59,1
DA:63,2
DA:64,2
DA:65,2
DA:67,1
DA:71,1
DA:72,1
DA:73,1
DA:75,0
DA:79,2
DA:80,2
DA:81,2
DA:83,1
DA:87,1
LF:46
LH:45
BRF:0
BRH:0
end_of_record
TN:
SF:src/routes/index.ts
FNF:0
FNH:0
DA:1,1
DA:2,1
DA:4,1
DA:6,1
DA:8,1
LF:5
LH:5
BRF:0
BRH:0
end_of_record
